2026-01-21 18:18:59,029 - main - INFO - === Logging system initialized ===
2026-01-21 18:18:59,029 - main - INFO - Log file: logs/app_20260121_181859.log
2026-01-21 18:18:59,029 - main - INFO - Log level: INFO
2026-01-21 18:18:59,029 - main - INFO - Timestamp: 20260121_181859
2026-01-21 18:18:59,072 - main - WARNING - Failed to import module 'routers.admin': cannot import name 'FundStatistics' from 'models.fund_statistics' (/workspace/app/backend/models/fund_statistics.py)
2026-01-21 18:18:59,170 - main - INFO - Included router: routers.admins.router
2026-01-21 18:19:00,004 - main - INFO - Included router: routers.aihub.router
2026-01-21 18:19:00,029 - main - INFO - Included router: routers.auth.router
2026-01-21 18:19:00,155 - main - INFO - Included router: routers.class_upgrades.router
2026-01-21 18:19:00,221 - main - INFO - Included router: routers.contributions.router
2026-01-21 18:19:00,287 - main - INFO - Included router: routers.documents.router
2026-01-21 18:19:00,335 - main - INFO - Included router: routers.fund_statistics.router
2026-01-21 18:19:00,342 - main - INFO - Included router: routers.health.router
2026-01-21 18:19:00,392 - main - WARNING - Failed to import module 'routers.payments': cannot import name 'RepaymentInstallments' from 'models.repayment_installments' (/workspace/app/backend/models/repayment_installments.py)
2026-01-21 18:19:00,450 - main - INFO - Included router: routers.payouts.router
2026-01-21 18:19:00,500 - main - INFO - Included router: routers.profiles.router
2026-01-21 18:19:00,510 - main - INFO - Included router: routers.public.router
2026-01-21 18:19:00,563 - main - INFO - Included router: routers.repayment_installments.router
2026-01-21 18:19:00,637 - main - INFO - Included router: routers.repayments.router
2026-01-21 18:19:00,692 - main - INFO - Included router: routers.requests.router
2026-01-21 18:19:00,716 - main - INFO - Included router: routers.settings.router
2026-01-21 18:19:00,754 - main - INFO - Included router: routers.storage.router
2026-01-21 18:19:00,792 - main - INFO - Included router: routers.success_stories.router
2026-01-21 18:19:00,802 - main - INFO - Included router: routers.user.router
2026-01-21 18:19:00,803 - main - INFO - === Application startup initiated ===
2026-01-21 18:19:00,803 - services.database - DEBUG - [DB_OP] Starting database initialization
2026-01-21 18:19:00,803 - services.database - INFO - 🔧 Starting database initialization...
2026-01-21 18:19:00,803 - core.database - INFO - Starting database initialization...
2026-01-21 18:19:00,803 - services.database - ERROR - Failed to initialize database: 'Settings' object has no attribute 'database_url'
