2026-01-21 18:18:48,263 - main - INFO - === Logging system initialized ===
2026-01-21 18:18:48,264 - main - INFO - Log file: logs/app_20260121_181848.log
2026-01-21 18:18:48,265 - main - INFO - Log level: INFO
2026-01-21 18:18:48,265 - main - INFO - Timestamp: 20260121_181848
2026-01-21 18:18:48,326 - main - WARNING - Failed to import module 'routers.admin': cannot import name 'FundStatistics' from 'models.fund_statistics' (/workspace/app/backend/models/fund_statistics.py)
2026-01-21 18:18:48,478 - main - INFO - Included router: routers.admins.router
2026-01-21 18:18:49,510 - main - INFO - Included router: routers.aihub.router
2026-01-21 18:18:49,528 - main - INFO - Included router: routers.auth.router
2026-01-21 18:18:49,636 - main - INFO - Included router: routers.class_upgrades.router
2026-01-21 18:18:49,681 - main - INFO - Included router: routers.contributions.router
2026-01-21 18:18:49,745 - main - INFO - Included router: routers.documents.router
2026-01-21 18:18:49,794 - main - INFO - Included router: routers.fund_statistics.router
2026-01-21 18:18:49,798 - main - INFO - Included router: routers.health.router
2026-01-21 18:18:49,835 - main - WARNING - Failed to import module 'routers.payments': cannot import name 'RepaymentInstallments' from 'models.repayment_installments' (/workspace/app/backend/models/repayment_installments.py)
2026-01-21 18:18:49,899 - main - INFO - Included router: routers.payouts.router
2026-01-21 18:18:49,960 - main - INFO - Included router: routers.profiles.router
2026-01-21 18:18:49,969 - main - INFO - Included router: routers.public.router
2026-01-21 18:18:50,020 - main - INFO - Included router: routers.repayment_installments.router
2026-01-21 18:18:50,083 - main - INFO - Included router: routers.repayments.router
2026-01-21 18:18:50,135 - main - INFO - Included router: routers.requests.router
2026-01-21 18:18:50,157 - main - INFO - Included router: routers.settings.router
2026-01-21 18:18:50,197 - main - INFO - Included router: routers.storage.router
2026-01-21 18:18:50,239 - main - INFO - Included router: routers.success_stories.router
2026-01-21 18:18:50,252 - main - INFO - Included router: routers.user.router
2026-01-21 18:18:50,255 - main - INFO - === Application startup initiated ===
2026-01-21 18:18:50,255 - services.database - DEBUG - [DB_OP] Starting database initialization
2026-01-21 18:18:50,256 - services.database - INFO - 🔧 Starting database initialization...
2026-01-21 18:18:50,256 - core.database - INFO - Starting database initialization...
2026-01-21 18:18:50,256 - core.config - DEBUG - Read dynamic attribute database_url from environment variable DATABASE_URL
2026-01-21 18:18:50,256 - core.database - INFO - Normalizing database URL for async compatibility...
2026-01-21 18:18:50,257 - core.database - INFO - Creating async database engine...
2026-01-21 18:18:50,257 - core.database - INFO - Using QueuePool with connection pooling for non-Lambda environment
2026-01-21 18:18:50,436 - core.database - INFO - Database engine created successfully
2026-01-21 18:18:50,437 - core.database - INFO - Creating async session maker...
2026-01-21 18:18:50,437 - core.database - INFO - Async session maker created successfully
2026-01-21 18:18:50,437 - core.database - INFO - Database connection initialized successfully
2026-01-21 18:18:50,437 - services.database - INFO - 🔧 Database connection initialized, now creating tables if tables not exist...
2026-01-21 18:18:50,437 - core.database - DEBUG - [DB_OP] Starting create_tables
2026-01-21 18:18:50,437 - core.database - INFO - 🔧 Starting table creation...
2026-01-21 18:18:52,328 - core.database - INFO - Tables initialized successfully
2026-01-21 18:18:52,329 - core.database - DEBUG - [DB_OP] Create tables completed in 1.8915s
2026-01-21 18:18:52,388 - services.database - INFO - 🔧 Table creation completed
2026-01-21 18:18:52,389 - services.database - INFO - Database initialized successfully
2026-01-21 18:18:52,389 - services.database - DEBUG - [DB_OP] Database initialization completed in 2.1339s
2026-01-21 18:18:52,391 - services.mock_data - INFO - mock_data directory not found, skipping mock initialization
2026-01-21 18:18:52,391 - services.database - DEBUG - [DB_OP] Starting database initialization
2026-01-21 18:18:52,391 - services.database - INFO - 🔧 Starting database initialization...
2026-01-21 18:18:52,392 - core.database - INFO - Starting database initialization...
2026-01-21 18:18:52,392 - core.database - INFO - Database already initialized
2026-01-21 18:18:52,393 - services.database - INFO - 🔧 Database connection initialized, now creating tables if tables not exist...
2026-01-21 18:18:52,393 - core.database - DEBUG - [DB_OP] Starting create_tables
2026-01-21 18:18:52,393 - core.database - INFO - Tables already initialized
2026-01-21 18:18:52,394 - services.database - INFO - 🔧 Table creation completed
2026-01-21 18:18:52,394 - services.database - INFO - Database initialized successfully
2026-01-21 18:18:52,395 - services.database - DEBUG - [DB_OP] Database initialization completed in 0.0038s
2026-01-21 18:18:52,396 - core.config - DEBUG - Read dynamic attribute admin_user_id from environment variable ADMIN_USER_ID
2026-01-21 18:18:52,396 - core.config - DEBUG - Read dynamic attribute admin_user_email from environment variable ADMIN_USER_EMAIL
2026-01-21 18:18:52,822 - services.auth - DEBUG - Admin user 715788 already exists
2026-01-21 18:18:52,881 - main - INFO - === Application startup completed successfully ===
2026-01-21 18:18:56,891 - services.database - DEBUG - [DB_OP] Starting database close
2026-01-21 18:18:56,953 - core.database - INFO - Database connection closed and engine disposed
2026-01-21 18:18:56,953 - services.database - INFO - Database connections closed
2026-01-21 18:18:56,953 - services.database - DEBUG - [DB_OP] Database close completed in 0.0622s
