2026-01-21 17:24:55,912 - main - INFO - === Logging system initialized ===
2026-01-21 17:24:55,912 - main - INFO - Log file: logs/app_20260121_172455.log
2026-01-21 17:24:55,912 - main - INFO - Log level: INFO
2026-01-21 17:24:55,912 - main - INFO - Timestamp: 20260121_172455
2026-01-21 17:24:56,747 - main - INFO - Included router: routers.aihub.router
2026-01-21 17:24:56,771 - main - INFO - Included router: routers.auth.router
2026-01-21 17:24:56,981 - main - INFO - Included router: routers.class_upgrades.router
2026-01-21 17:24:57,267 - main - INFO - Included router: routers.contributions.router
2026-01-21 17:24:57,384 - main - INFO - Included router: routers.documents.router
2026-01-21 17:24:57,388 - main - INFO - Included router: routers.health.router
2026-01-21 17:24:58,302 - core.config - DEBUG - Read dynamic attribute stripe_secret_key from environment variable STRIPE_SECRET_KEY
2026-01-21 17:24:58,310 - main - INFO - Included router: routers.payments.router
2026-01-21 17:24:58,456 - main - INFO - Included router: routers.payouts.router
2026-01-21 17:24:58,584 - main - INFO - Included router: routers.profiles.router
2026-01-21 17:24:58,723 - main - INFO - Included router: routers.repayment_installments.router
2026-01-21 17:24:58,857 - main - INFO - Included router: routers.repayments.router
2026-01-21 17:24:58,973 - main - INFO - Included router: routers.requests.router
2026-01-21 17:24:59,001 - main - INFO - Included router: routers.settings.router
2026-01-21 17:24:59,049 - main - INFO - Included router: routers.storage.router
2026-01-21 17:24:59,071 - main - INFO - Included router: routers.user.router
2026-01-21 17:24:59,073 - main - INFO - === Application startup initiated ===
2026-01-21 17:24:59,075 - services.database - DEBUG - [DB_OP] Starting database initialization
2026-01-21 17:24:59,075 - services.database - INFO - 🔧 Starting database initialization...
2026-01-21 17:24:59,075 - core.database - INFO - Starting database initialization...
2026-01-21 17:24:59,076 - core.config - DEBUG - Read dynamic attribute database_url from environment variable DATABASE_URL
2026-01-21 17:24:59,077 - core.database - INFO - Normalizing database URL for async compatibility...
2026-01-21 17:24:59,078 - core.database - INFO - Creating async database engine...
2026-01-21 17:24:59,080 - core.database - INFO - Using QueuePool with connection pooling for non-Lambda environment
2026-01-21 17:24:59,167 - core.database - INFO - Database engine created successfully
2026-01-21 17:24:59,167 - core.database - INFO - Creating async session maker...
2026-01-21 17:24:59,168 - core.database - INFO - Async session maker created successfully
2026-01-21 17:24:59,168 - core.database - INFO - Database connection initialized successfully
2026-01-21 17:24:59,169 - services.database - INFO - 🔧 Database connection initialized, now creating tables if tables not exist...
2026-01-21 17:24:59,169 - core.database - DEBUG - [DB_OP] Starting create_tables
2026-01-21 17:24:59,169 - core.database - INFO - 🔧 Starting table creation...
2026-01-21 17:25:00,894 - core.database - INFO - Tables initialized successfully
2026-01-21 17:25:00,895 - core.database - DEBUG - [DB_OP] Create tables completed in 1.7258s
2026-01-21 17:25:00,954 - services.database - INFO - 🔧 Table creation completed
2026-01-21 17:25:00,954 - services.database - INFO - Database initialized successfully
2026-01-21 17:25:00,954 - services.database - DEBUG - [DB_OP] Database initialization completed in 1.8799s
2026-01-21 17:25:00,955 - services.mock_data - INFO - mock_data directory not found, skipping mock initialization
2026-01-21 17:25:00,955 - services.database - DEBUG - [DB_OP] Starting database initialization
2026-01-21 17:25:00,955 - services.database - INFO - 🔧 Starting database initialization...
2026-01-21 17:25:00,956 - core.database - INFO - Starting database initialization...
2026-01-21 17:25:00,956 - core.database - INFO - Database already initialized
2026-01-21 17:25:00,956 - services.database - INFO - 🔧 Database connection initialized, now creating tables if tables not exist...
2026-01-21 17:25:00,956 - core.database - DEBUG - [DB_OP] Starting create_tables
2026-01-21 17:25:00,956 - core.database - INFO - Tables already initialized
2026-01-21 17:25:00,956 - services.database - INFO - 🔧 Table creation completed
2026-01-21 17:25:00,956 - services.database - INFO - Database initialized successfully
2026-01-21 17:25:00,957 - services.database - DEBUG - [DB_OP] Database initialization completed in 0.0013s
2026-01-21 17:25:00,957 - core.config - DEBUG - Read dynamic attribute admin_user_id from environment variable ADMIN_USER_ID
2026-01-21 17:25:00,957 - core.config - DEBUG - Read dynamic attribute admin_user_email from environment variable ADMIN_USER_EMAIL
2026-01-21 17:25:01,382 - services.auth - DEBUG - Admin user 715788 already exists
2026-01-21 17:25:01,452 - main - INFO - === Application startup completed successfully ===
2026-01-21 17:25:09,577 - services.database - DEBUG - [DB_OP] Starting database close
2026-01-21 17:25:09,639 - core.database - INFO - Database connection closed and engine disposed
2026-01-21 17:25:09,639 - services.database - INFO - Database connections closed
2026-01-21 17:25:09,639 - services.database - DEBUG - [DB_OP] Database close completed in 0.0627s
