2026-01-21 17:25:11,396 - main - INFO - === Logging system initialized ===
2026-01-21 17:25:11,396 - main - INFO - Log file: logs/app_20260121_172511.log
2026-01-21 17:25:11,396 - main - INFO - Log level: INFO
2026-01-21 17:25:11,397 - main - INFO - Timestamp: 20260121_172511
2026-01-21 17:25:12,433 - main - INFO - Included router: routers.aihub.router
2026-01-21 17:25:12,459 - main - INFO - Included router: routers.auth.router
2026-01-21 17:25:12,524 - main - INFO - Included router: routers.class_upgrades.router
2026-01-21 17:25:12,632 - main - INFO - Included router: routers.contributions.router
2026-01-21 17:25:12,689 - main - INFO - Included router: routers.documents.router
2026-01-21 17:25:12,693 - main - INFO - Included router: routers.health.router
2026-01-21 17:25:12,760 - core.config - DEBUG - Read dynamic attribute stripe_secret_key from environment variable STRIPE_SECRET_KEY
2026-01-21 17:25:12,769 - main - INFO - Included router: routers.payments.router
2026-01-21 17:25:12,827 - main - INFO - Included router: routers.payouts.router
2026-01-21 17:25:12,878 - main - INFO - Included router: routers.profiles.router
2026-01-21 17:25:12,927 - main - INFO - Included router: routers.repayment_installments.router
2026-01-21 17:25:12,976 - main - INFO - Included router: routers.repayments.router
2026-01-21 17:25:13,025 - main - INFO - Included router: routers.requests.router
2026-01-21 17:25:13,050 - main - INFO - Included router: routers.settings.router
2026-01-21 17:25:13,092 - main - INFO - Included router: routers.storage.router
2026-01-21 17:25:13,106 - main - INFO - Included router: routers.user.router
2026-01-21 17:25:13,107 - main - INFO - === Application startup initiated ===
2026-01-21 17:25:13,108 - services.database - DEBUG - [DB_OP] Starting database initialization
2026-01-21 17:25:13,108 - services.database - INFO - 🔧 Starting database initialization...
2026-01-21 17:25:13,108 - core.database - INFO - Starting database initialization...
2026-01-21 17:25:13,108 - core.config - DEBUG - Read dynamic attribute database_url from environment variable DATABASE_URL
2026-01-21 17:25:13,108 - core.database - INFO - Normalizing database URL for async compatibility...
2026-01-21 17:25:13,109 - core.database - INFO - Creating async database engine...
2026-01-21 17:25:13,109 - core.database - INFO - Using QueuePool with connection pooling for non-Lambda environment
2026-01-21 17:25:13,162 - core.database - INFO - Database engine created successfully
2026-01-21 17:25:13,163 - core.database - INFO - Creating async session maker...
2026-01-21 17:25:13,163 - core.database - INFO - Async session maker created successfully
2026-01-21 17:25:13,163 - core.database - INFO - Database connection initialized successfully
2026-01-21 17:25:13,163 - services.database - INFO - 🔧 Database connection initialized, now creating tables if tables not exist...
2026-01-21 17:25:13,163 - core.database - DEBUG - [DB_OP] Starting create_tables
2026-01-21 17:25:13,163 - core.database - INFO - 🔧 Starting table creation...
2026-01-21 17:25:14,883 - core.database - INFO - Tables initialized successfully
2026-01-21 17:25:14,883 - core.database - DEBUG - [DB_OP] Create tables completed in 1.7200s
2026-01-21 17:25:14,943 - services.database - INFO - 🔧 Table creation completed
2026-01-21 17:25:14,943 - services.database - INFO - Database initialized successfully
2026-01-21 17:25:14,943 - services.database - DEBUG - [DB_OP] Database initialization completed in 1.8356s
2026-01-21 17:25:14,947 - services.mock_data - INFO - mock_data directory not found, skipping mock initialization
2026-01-21 17:25:14,947 - services.database - DEBUG - [DB_OP] Starting database initialization
2026-01-21 17:25:14,948 - services.database - INFO - 🔧 Starting database initialization...
2026-01-21 17:25:14,948 - core.database - INFO - Starting database initialization...
2026-01-21 17:25:14,948 - core.database - INFO - Database already initialized
2026-01-21 17:25:14,948 - services.database - INFO - 🔧 Database connection initialized, now creating tables if tables not exist...
2026-01-21 17:25:14,948 - core.database - DEBUG - [DB_OP] Starting create_tables
2026-01-21 17:25:14,948 - core.database - INFO - Tables already initialized
2026-01-21 17:25:14,948 - services.database - INFO - 🔧 Table creation completed
2026-01-21 17:25:14,948 - services.database - INFO - Database initialized successfully
2026-01-21 17:25:14,948 - services.database - DEBUG - [DB_OP] Database initialization completed in 0.0014s
2026-01-21 17:25:14,948 - core.config - DEBUG - Read dynamic attribute admin_user_id from environment variable ADMIN_USER_ID
2026-01-21 17:25:14,949 - core.config - DEBUG - Read dynamic attribute admin_user_email from environment variable ADMIN_USER_EMAIL
2026-01-21 17:25:15,373 - services.auth - DEBUG - Admin user 715788 already exists
2026-01-21 17:25:15,432 - main - INFO - === Application startup completed successfully ===
2026-01-21 17:25:16,937 - services.database - DEBUG - [DB_OP] Starting database close
2026-01-21 17:25:16,999 - core.database - INFO - Database connection closed and engine disposed
2026-01-21 17:25:17,000 - services.database - INFO - Database connections closed
2026-01-21 17:25:17,000 - services.database - DEBUG - [DB_OP] Database close completed in 0.0632s
