2026-01-21 18:20:00,449 - main - INFO - === Logging system initialized ===
2026-01-21 18:20:00,449 - main - INFO - Log file: logs/app_20260121_182000.log
2026-01-21 18:20:00,449 - main - INFO - Log level: INFO
2026-01-21 18:20:00,450 - main - INFO - Timestamp: 20260121_182000
2026-01-21 18:20:00,538 - main - INFO - Included router: routers.admin.router
2026-01-21 18:20:00,579 - main - INFO - Included router: routers.admins.router
2026-01-21 18:20:01,362 - main - INFO - Included router: routers.aihub.router
2026-01-21 18:20:01,382 - main - INFO - Included router: routers.auth.router
2026-01-21 18:20:01,524 - main - INFO - Included router: routers.class_upgrades.router
2026-01-21 18:20:01,574 - main - INFO - Included router: routers.contributions.router
2026-01-21 18:20:01,622 - main - INFO - Included router: routers.documents.router
2026-01-21 18:20:01,661 - main - INFO - Included router: routers.fund_statistics.router
2026-01-21 18:20:01,664 - main - INFO - Included router: routers.health.router
2026-01-21 18:20:01,692 - main - WARNING - Failed to import module 'routers.payments': cannot import name 'RepaymentInstallments' from 'models.repayment_installments' (/workspace/app/backend/models/repayment_installments.py)
2026-01-21 18:20:01,746 - main - INFO - Included router: routers.payouts.router
2026-01-21 18:20:01,791 - main - INFO - Included router: routers.profiles.router
2026-01-21 18:20:01,799 - main - INFO - Included router: routers.public.router
2026-01-21 18:20:01,847 - main - INFO - Included router: routers.repayment_installments.router
2026-01-21 18:20:01,898 - main - INFO - Included router: routers.repayments.router
2026-01-21 18:20:01,950 - main - INFO - Included router: routers.requests.router
2026-01-21 18:20:01,971 - main - INFO - Included router: routers.settings.router
2026-01-21 18:20:02,011 - main - INFO - Included router: routers.storage.router
2026-01-21 18:20:02,048 - main - INFO - Included router: routers.success_stories.router
2026-01-21 18:20:02,130 - main - INFO - Included router: routers.user.router
2026-01-21 18:20:02,131 - main - INFO - === Application startup initiated ===
2026-01-21 18:20:02,132 - services.database - DEBUG - [DB_OP] Starting database initialization
2026-01-21 18:20:02,132 - services.database - INFO - 🔧 Starting database initialization...
2026-01-21 18:20:02,132 - core.database - INFO - Starting database initialization...
2026-01-21 18:20:02,132 - services.database - ERROR - Failed to initialize database: 'Settings' object has no attribute 'database_url'
