2026-01-21 18:19:45,385 - main - INFO - === Logging system initialized ===
2026-01-21 18:19:45,386 - main - INFO - Log file: logs/app_20260121_181945.log
2026-01-21 18:19:45,386 - main - INFO - Log level: INFO
2026-01-21 18:19:45,386 - main - INFO - Timestamp: 20260121_181945
2026-01-21 18:19:45,535 - main - INFO - Included router: routers.admin.router
2026-01-21 18:19:45,592 - main - INFO - Included router: routers.admins.router
2026-01-21 18:19:46,643 - main - INFO - Included router: routers.aihub.router
2026-01-21 18:19:46,672 - main - INFO - Included router: routers.auth.router
2026-01-21 18:19:46,795 - main - INFO - Included router: routers.class_upgrades.router
2026-01-21 18:19:46,850 - main - INFO - Included router: routers.contributions.router
2026-01-21 18:19:46,918 - main - INFO - Included router: routers.documents.router
2026-01-21 18:19:46,970 - main - INFO - Included router: routers.fund_statistics.router
2026-01-21 18:19:46,974 - main - INFO - Included router: routers.health.router
2026-01-21 18:19:47,053 - main - WARNING - Failed to import module 'routers.payments': cannot import name 'RepaymentInstallments' from 'models.repayment_installments' (/workspace/app/backend/models/repayment_installments.py)
2026-01-21 18:19:47,112 - main - INFO - Included router: routers.payouts.router
2026-01-21 18:19:47,163 - main - INFO - Included router: routers.profiles.router
2026-01-21 18:19:47,173 - main - INFO - Included router: routers.public.router
2026-01-21 18:19:47,226 - main - INFO - Included router: routers.repayment_installments.router
2026-01-21 18:19:47,281 - main - INFO - Included router: routers.repayments.router
2026-01-21 18:19:47,343 - main - INFO - Included router: routers.requests.router
2026-01-21 18:19:47,366 - main - INFO - Included router: routers.settings.router
2026-01-21 18:19:47,406 - main - INFO - Included router: routers.storage.router
2026-01-21 18:19:47,450 - main - INFO - Included router: routers.success_stories.router
2026-01-21 18:19:47,550 - main - INFO - Included router: routers.user.router
2026-01-21 18:19:47,551 - main - INFO - === Application startup initiated ===
2026-01-21 18:19:47,551 - services.database - DEBUG - [DB_OP] Starting database initialization
2026-01-21 18:19:47,552 - services.database - INFO - 🔧 Starting database initialization...
2026-01-21 18:19:47,552 - core.database - INFO - Starting database initialization...
2026-01-21 18:19:47,552 - services.database - ERROR - Failed to initialize database: 'Settings' object has no attribute 'database_url'
