2026-01-21 17:57:51,426 - main - INFO - === Logging system initialized ===
2026-01-21 17:57:51,426 - main - INFO - Log file: logs/app_20260121_175751.log
2026-01-21 17:57:51,426 - main - INFO - Log level: INFO
2026-01-21 17:57:51,426 - main - INFO - Timestamp: 20260121_175751
2026-01-21 17:57:52,560 - main - INFO - Included router: routers.aihub.router
2026-01-21 17:57:52,593 - main - INFO - Included router: routers.auth.router
2026-01-21 17:57:52,666 - main - INFO - Included router: routers.class_upgrades.router
2026-01-21 17:57:52,783 - main - INFO - Included router: routers.contributions.router
2026-01-21 17:57:52,845 - main - INFO - Included router: routers.documents.router
2026-01-21 17:57:52,849 - main - INFO - Included router: routers.health.router
2026-01-21 17:57:53,068 - main - WARNING - Failed to import module 'routers.payments': cannot import name 'RepaymentInstallments' from 'models.repayment_installments' (/workspace/app/backend/models/repayment_installments.py)
2026-01-21 17:57:53,133 - main - INFO - Included router: routers.payouts.router
2026-01-21 17:57:53,198 - main - INFO - Included router: routers.profiles.router
2026-01-21 17:57:53,257 - main - INFO - Included router: routers.repayment_installments.router
2026-01-21 17:57:53,326 - main - INFO - Included router: routers.repayments.router
2026-01-21 17:57:53,384 - main - INFO - Included router: routers.requests.router
2026-01-21 17:57:53,411 - main - INFO - Included router: routers.settings.router
2026-01-21 17:57:53,454 - main - INFO - Included router: routers.storage.router
2026-01-21 17:57:53,470 - main - INFO - Included router: routers.user.router
2026-01-21 17:57:53,471 - main - INFO - === Application startup initiated ===
2026-01-21 17:57:53,471 - services.database - DEBUG - [DB_OP] Starting database initialization
2026-01-21 17:57:53,471 - services.database - INFO - 🔧 Starting database initialization...
2026-01-21 17:57:53,471 - core.database - INFO - Starting database initialization...
2026-01-21 17:57:53,472 - core.config - DEBUG - Read dynamic attribute database_url from environment variable DATABASE_URL
2026-01-21 17:57:53,472 - core.database - INFO - Normalizing database URL for async compatibility...
2026-01-21 17:57:53,473 - core.database - INFO - Creating async database engine...
2026-01-21 17:57:53,473 - core.database - INFO - Using QueuePool with connection pooling for non-Lambda environment
2026-01-21 17:57:53,545 - core.database - INFO - Database engine created successfully
2026-01-21 17:57:53,545 - core.database - INFO - Creating async session maker...
2026-01-21 17:57:53,545 - core.database - INFO - Async session maker created successfully
2026-01-21 17:57:53,545 - core.database - INFO - Database connection initialized successfully
2026-01-21 17:57:53,545 - services.database - INFO - 🔧 Database connection initialized, now creating tables if tables not exist...
2026-01-21 17:57:53,546 - core.database - DEBUG - [DB_OP] Starting create_tables
2026-01-21 17:57:53,546 - core.database - INFO - 🔧 Starting table creation...
2026-01-21 17:57:55,260 - core.database - INFO - Tables initialized successfully
2026-01-21 17:57:55,260 - core.database - DEBUG - [DB_OP] Create tables completed in 1.7147s
2026-01-21 17:57:55,320 - services.database - INFO - 🔧 Table creation completed
2026-01-21 17:57:55,320 - services.database - INFO - Database initialized successfully
2026-01-21 17:57:55,321 - services.database - DEBUG - [DB_OP] Database initialization completed in 1.8495s
2026-01-21 17:57:55,322 - services.mock_data - INFO - mock_data directory not found, skipping mock initialization
2026-01-21 17:57:55,322 - services.database - DEBUG - [DB_OP] Starting database initialization
2026-01-21 17:57:55,322 - services.database - INFO - 🔧 Starting database initialization...
2026-01-21 17:57:55,322 - core.database - INFO - Starting database initialization...
2026-01-21 17:57:55,322 - core.database - INFO - Database already initialized
2026-01-21 17:57:55,323 - services.database - INFO - 🔧 Database connection initialized, now creating tables if tables not exist...
2026-01-21 17:57:55,323 - core.database - DEBUG - [DB_OP] Starting create_tables
2026-01-21 17:57:55,323 - core.database - INFO - Tables already initialized
2026-01-21 17:57:55,323 - services.database - INFO - 🔧 Table creation completed
2026-01-21 17:57:55,323 - services.database - INFO - Database initialized successfully
2026-01-21 17:57:55,323 - services.database - DEBUG - [DB_OP] Database initialization completed in 0.0013s
2026-01-21 17:57:55,323 - core.config - DEBUG - Read dynamic attribute admin_user_id from environment variable ADMIN_USER_ID
2026-01-21 17:57:55,323 - core.config - DEBUG - Read dynamic attribute admin_user_email from environment variable ADMIN_USER_EMAIL
2026-01-21 17:57:55,746 - services.auth - DEBUG - Admin user 715788 already exists
2026-01-21 17:57:55,806 - main - INFO - === Application startup completed successfully ===
