2026-01-21 17:35:56,815 - main - INFO - === Logging system initialized ===
2026-01-21 17:35:56,815 - main - INFO - Log file: logs/app_20260121_173556.log
2026-01-21 17:35:56,815 - main - INFO - Log level: INFO
2026-01-21 17:35:56,815 - main - INFO - Timestamp: 20260121_173556
2026-01-21 17:35:57,978 - main - INFO - Included router: routers.aihub.router
2026-01-21 17:35:58,005 - main - INFO - Included router: routers.auth.router
2026-01-21 17:35:58,062 - main - INFO - Included router: routers.class_upgrades.router
2026-01-21 17:35:58,179 - main - INFO - Included router: routers.contributions.router
2026-01-21 17:35:58,245 - main - INFO - Included router: routers.documents.router
2026-01-21 17:35:58,250 - main - INFO - Included router: routers.health.router
2026-01-21 17:35:58,301 - core.config - DEBUG - Read dynamic attribute stripe_secret_key from environment variable STRIPE_SECRET_KEY
2026-01-21 17:35:58,312 - main - INFO - Included router: routers.payments.router
2026-01-21 17:35:58,381 - main - INFO - Included router: routers.payouts.router
2026-01-21 17:35:58,433 - main - INFO - Included router: routers.profiles.router
2026-01-21 17:35:58,479 - main - INFO - Included router: routers.repayment_installments.router
2026-01-21 17:35:58,525 - main - INFO - Included router: routers.repayments.router
2026-01-21 17:35:58,577 - main - INFO - Included router: routers.requests.router
2026-01-21 17:35:58,598 - main - INFO - Included router: routers.settings.router
2026-01-21 17:35:58,637 - main - INFO - Included router: routers.storage.router
2026-01-21 17:35:58,648 - main - INFO - Included router: routers.user.router
2026-01-21 17:35:58,649 - main - INFO - === Application startup initiated ===
2026-01-21 17:35:58,650 - services.database - DEBUG - [DB_OP] Starting database initialization
2026-01-21 17:35:58,650 - services.database - INFO - 🔧 Starting database initialization...
2026-01-21 17:35:58,650 - core.database - INFO - Starting database initialization...
2026-01-21 17:35:58,651 - core.config - DEBUG - Read dynamic attribute database_url from environment variable DATABASE_URL
2026-01-21 17:35:58,651 - core.database - INFO - Normalizing database URL for async compatibility...
2026-01-21 17:35:58,652 - core.database - INFO - Creating async database engine...
2026-01-21 17:35:58,652 - core.database - INFO - Using QueuePool with connection pooling for non-Lambda environment
2026-01-21 17:35:58,713 - core.database - INFO - Database engine created successfully
2026-01-21 17:35:58,714 - core.database - INFO - Creating async session maker...
2026-01-21 17:35:58,714 - core.database - INFO - Async session maker created successfully
2026-01-21 17:35:58,714 - core.database - INFO - Database connection initialized successfully
2026-01-21 17:35:58,714 - services.database - INFO - 🔧 Database connection initialized, now creating tables if tables not exist...
2026-01-21 17:35:58,714 - core.database - DEBUG - [DB_OP] Starting create_tables
2026-01-21 17:35:58,714 - core.database - INFO - 🔧 Starting table creation...
2026-01-21 17:36:00,440 - core.database - INFO - Tables initialized successfully
2026-01-21 17:36:00,440 - core.database - DEBUG - [DB_OP] Create tables completed in 1.7261s
2026-01-21 17:36:00,500 - services.database - INFO - 🔧 Table creation completed
2026-01-21 17:36:00,501 - services.database - INFO - Database initialized successfully
2026-01-21 17:36:00,501 - services.database - DEBUG - [DB_OP] Database initialization completed in 1.8512s
2026-01-21 17:36:00,504 - services.mock_data - INFO - mock_data directory not found, skipping mock initialization
2026-01-21 17:36:00,505 - services.database - DEBUG - [DB_OP] Starting database initialization
2026-01-21 17:36:00,505 - services.database - INFO - 🔧 Starting database initialization...
2026-01-21 17:36:00,506 - core.database - INFO - Starting database initialization...
2026-01-21 17:36:00,506 - core.database - INFO - Database already initialized
2026-01-21 17:36:00,506 - services.database - INFO - 🔧 Database connection initialized, now creating tables if tables not exist...
2026-01-21 17:36:00,506 - core.database - DEBUG - [DB_OP] Starting create_tables
2026-01-21 17:36:00,507 - core.database - INFO - Tables already initialized
2026-01-21 17:36:00,507 - services.database - INFO - 🔧 Table creation completed
2026-01-21 17:36:00,507 - services.database - INFO - Database initialized successfully
2026-01-21 17:36:00,507 - services.database - DEBUG - [DB_OP] Database initialization completed in 0.0020s
2026-01-21 17:36:00,507 - core.config - DEBUG - Read dynamic attribute admin_user_id from environment variable ADMIN_USER_ID
2026-01-21 17:36:00,507 - core.config - DEBUG - Read dynamic attribute admin_user_email from environment variable ADMIN_USER_EMAIL
2026-01-21 17:36:00,934 - services.auth - DEBUG - Admin user 715788 already exists
2026-01-21 17:36:00,994 - main - INFO - === Application startup completed successfully ===
2026-01-21 17:37:38,053 - services.database - DEBUG - [DB_OP] Starting database close
2026-01-21 17:37:38,115 - core.database - INFO - Database connection closed and engine disposed
2026-01-21 17:37:38,115 - services.database - INFO - Database connections closed
2026-01-21 17:37:38,115 - services.database - DEBUG - [DB_OP] Database close completed in 0.0625s
