2026-01-21 17:47:10,949 - main - INFO - === Logging system initialized ===
2026-01-21 17:47:10,949 - main - INFO - Log file: logs/app_20260121_174710.log
2026-01-21 17:47:10,949 - main - INFO - Log level: INFO
2026-01-21 17:47:10,949 - main - INFO - Timestamp: 20260121_174710
2026-01-21 17:47:12,019 - main - INFO - Included router: routers.aihub.router
2026-01-21 17:47:12,060 - main - INFO - Included router: routers.auth.router
2026-01-21 17:47:12,122 - main - INFO - Included router: routers.class_upgrades.router
2026-01-21 17:47:12,337 - main - INFO - Included router: routers.contributions.router
2026-01-21 17:47:12,415 - main - INFO - Included router: routers.documents.router
2026-01-21 17:47:12,418 - main - INFO - Included router: routers.health.router
2026-01-21 17:47:12,509 - core.config - DEBUG - Read dynamic attribute stripe_secret_key from environment variable STRIPE_SECRET_KEY
2026-01-21 17:47:12,520 - main - INFO - Included router: routers.payments.router
2026-01-21 17:47:12,574 - main - INFO - Included router: routers.payouts.router
2026-01-21 17:47:12,624 - main - INFO - Included router: routers.profiles.router
2026-01-21 17:47:12,670 - main - INFO - Included router: routers.repayment_installments.router
2026-01-21 17:47:12,715 - main - INFO - Included router: routers.repayments.router
2026-01-21 17:47:12,765 - main - INFO - Included router: routers.requests.router
2026-01-21 17:47:12,787 - main - INFO - Included router: routers.settings.router
2026-01-21 17:47:12,832 - main - INFO - Included router: routers.storage.router
2026-01-21 17:47:12,844 - main - INFO - Included router: routers.user.router
2026-01-21 17:47:12,845 - main - INFO - === Application startup initiated ===
2026-01-21 17:47:12,845 - services.database - DEBUG - [DB_OP] Starting database initialization
2026-01-21 17:47:12,845 - services.database - INFO - 🔧 Starting database initialization...
2026-01-21 17:47:12,846 - core.database - INFO - Starting database initialization...
2026-01-21 17:47:12,846 - core.config - DEBUG - Read dynamic attribute database_url from environment variable DATABASE_URL
2026-01-21 17:47:12,846 - core.database - INFO - Normalizing database URL for async compatibility...
2026-01-21 17:47:12,847 - core.database - INFO - Creating async database engine...
2026-01-21 17:47:12,847 - core.database - INFO - Using QueuePool with connection pooling for non-Lambda environment
2026-01-21 17:47:12,959 - core.database - INFO - Database engine created successfully
2026-01-21 17:47:12,960 - core.database - INFO - Creating async session maker...
2026-01-21 17:47:12,960 - core.database - INFO - Async session maker created successfully
2026-01-21 17:47:12,960 - core.database - INFO - Database connection initialized successfully
2026-01-21 17:47:12,960 - services.database - INFO - 🔧 Database connection initialized, now creating tables if tables not exist...
2026-01-21 17:47:12,960 - core.database - DEBUG - [DB_OP] Starting create_tables
2026-01-21 17:47:12,960 - core.database - INFO - 🔧 Starting table creation...
2026-01-21 17:47:14,684 - core.database - INFO - Tables initialized successfully
2026-01-21 17:47:14,684 - core.database - DEBUG - [DB_OP] Create tables completed in 1.7239s
2026-01-21 17:47:14,744 - services.database - INFO - 🔧 Table creation completed
2026-01-21 17:47:14,745 - services.database - INFO - Database initialized successfully
2026-01-21 17:47:14,745 - services.database - DEBUG - [DB_OP] Database initialization completed in 1.8997s
2026-01-21 17:47:14,746 - services.mock_data - INFO - mock_data directory not found, skipping mock initialization
2026-01-21 17:47:14,746 - services.database - DEBUG - [DB_OP] Starting database initialization
2026-01-21 17:47:14,746 - services.database - INFO - 🔧 Starting database initialization...
2026-01-21 17:47:14,746 - core.database - INFO - Starting database initialization...
2026-01-21 17:47:14,747 - core.database - INFO - Database already initialized
2026-01-21 17:47:14,747 - services.database - INFO - 🔧 Database connection initialized, now creating tables if tables not exist...
2026-01-21 17:47:14,747 - core.database - DEBUG - [DB_OP] Starting create_tables
2026-01-21 17:47:14,747 - core.database - INFO - Tables already initialized
2026-01-21 17:47:14,747 - services.database - INFO - 🔧 Table creation completed
2026-01-21 17:47:14,748 - services.database - INFO - Database initialized successfully
2026-01-21 17:47:14,748 - services.database - DEBUG - [DB_OP] Database initialization completed in 0.0017s
2026-01-21 17:47:14,748 - core.config - DEBUG - Read dynamic attribute admin_user_id from environment variable ADMIN_USER_ID
2026-01-21 17:47:14,748 - core.config - DEBUG - Read dynamic attribute admin_user_email from environment variable ADMIN_USER_EMAIL
2026-01-21 17:47:15,177 - services.auth - DEBUG - Admin user 715788 already exists
2026-01-21 17:47:15,236 - main - INFO - === Application startup completed successfully ===
2026-01-21 17:47:20,674 - core.config - DEBUG - Read dynamic attribute jwt_secret_key from environment variable JWT_SECRET_KEY
2026-01-21 17:47:20,675 - core.config - DEBUG - Read dynamic attribute jwt_algorithm from environment variable JWT_ALGORITHM
2026-01-21 17:47:20,702 - core.auth - DEBUG - Authentication token validated for user hash: 7001fcbb
2026-01-21 17:47:21,140 - core.auth - DEBUG - Authentication token validated for user hash: 7001fcbb
2026-01-21 17:47:21,140 - core.database - DEBUG - [DB_OP] Starting get_db session creation
2026-01-21 17:47:21,141 - core.database - DEBUG - [DB_OP] Database session created successfully in 0.0002s
2026-01-21 17:47:21,141 - routers.profiles - DEBUG - Querying profiless: query=None, sort=None, skip=0, limit=1, fields=None
2026-01-21 17:47:21,636 - routers.profiles - DEBUG - Found 0 profiless
2026-01-21 17:47:21,637 - core.database - DEBUG - [DB_OP] Database session cleanup after 0.4967s
2026-01-21 17:47:21,759 - core.auth - DEBUG - Authentication token validated for user hash: 7001fcbb
2026-01-21 17:47:21,759 - core.database - DEBUG - [DB_OP] Starting get_db session creation
2026-01-21 17:47:21,760 - core.database - DEBUG - [DB_OP] Database session created successfully in 0.0002s
2026-01-21 17:47:21,760 - routers.contributions - DEBUG - Querying contributionss: query=None, sort=-payment_date, skip=0, limit=10, fields=None
2026-01-21 17:47:22,447 - routers.contributions - DEBUG - Found 0 contributionss
2026-01-21 17:47:22,448 - core.database - DEBUG - [DB_OP] Database session cleanup after 0.6887s
2026-01-21 17:47:22,613 - core.auth - DEBUG - Authentication token validated for user hash: 7001fcbb
2026-01-21 17:47:22,613 - core.database - DEBUG - [DB_OP] Starting get_db session creation
2026-01-21 17:47:22,614 - core.database - DEBUG - [DB_OP] Database session created successfully in 0.0001s
2026-01-21 17:47:22,614 - routers.requests - DEBUG - Querying requestss: query=None, sort=-created_at, skip=0, limit=5, fields=None
2026-01-21 17:47:23,097 - routers.requests - DEBUG - Found 0 requestss
2026-01-21 17:47:23,098 - core.database - DEBUG - [DB_OP] Database session cleanup after 0.4845s
2026-01-21 17:53:14,575 - core.auth - DEBUG - Authentication token validated for user hash: 7001fcbb
2026-01-21 17:53:45,073 - core.auth - DEBUG - Authentication token validated for user hash: 7001fcbb
2026-01-21 17:53:45,073 - core.database - DEBUG - [DB_OP] Starting get_db session creation
2026-01-21 17:53:45,073 - core.database - DEBUG - [DB_OP] Database session created successfully in 0.0002s
2026-01-21 17:53:45,074 - routers.profiles - DEBUG - Querying profiless: query=None, sort=None, skip=0, limit=1, fields=None
2026-01-21 17:53:45,551 - routers.profiles - DEBUG - Found 0 profiless
2026-01-21 17:53:45,551 - core.database - DEBUG - [DB_OP] Database session cleanup after 0.4781s
2026-01-21 17:53:55,646 - core.auth - DEBUG - Authentication token validated for user hash: 7001fcbb
2026-01-21 17:53:55,646 - core.database - DEBUG - [DB_OP] Starting get_db session creation
2026-01-21 17:53:55,646 - core.database - DEBUG - [DB_OP] Database session created successfully in 0.0002s
2026-01-21 17:53:55,647 - routers.contributions - DEBUG - Querying contributionss: query=None, sort=-payment_date, skip=0, limit=10, fields=None
2026-01-21 17:53:56,004 - routers.contributions - DEBUG - Found 0 contributionss
2026-01-21 17:53:56,004 - core.database - DEBUG - [DB_OP] Database session cleanup after 0.3581s
2026-01-21 17:53:57,382 - core.auth - DEBUG - Authentication token validated for user hash: 7001fcbb
2026-01-21 17:53:57,382 - core.database - DEBUG - [DB_OP] Starting get_db session creation
2026-01-21 17:53:57,383 - core.database - DEBUG - [DB_OP] Database session created successfully in 0.0003s
2026-01-21 17:53:57,383 - routers.requests - DEBUG - Querying requestss: query=None, sort=-created_at, skip=0, limit=5, fields=None
2026-01-21 17:53:57,741 - routers.requests - DEBUG - Found 0 requestss
2026-01-21 17:53:57,742 - core.database - DEBUG - [DB_OP] Database session cleanup after 0.3595s
2026-01-21 17:55:11,711 - services.database - DEBUG - [DB_OP] Starting database close
2026-01-21 17:55:11,773 - core.database - INFO - Database connection closed and engine disposed
2026-01-21 17:55:11,774 - services.database - INFO - Database connections closed
2026-01-21 17:55:11,774 - services.database - DEBUG - [DB_OP] Database close completed in 0.0626s
