2026-01-22 10:23:07,218 - main - INFO - === Logging system initialized ===
2026-01-22 10:23:07,218 - main - INFO - Log file: logs/app_20260122_102307.log
2026-01-22 10:23:07,218 - main - INFO - Log level: INFO
2026-01-22 10:23:07,218 - main - INFO - Timestamp: 20260122_102307
2026-01-22 10:23:08,358 - main - INFO - Included router: routers.admin.router
2026-01-22 10:23:08,445 - main - INFO - Included router: routers.admins.router
2026-01-22 10:23:21,337 - main - INFO - Included router: routers.aihub.router
2026-01-22 10:23:21,433 - main - INFO - Included router: routers.auth.router
2026-01-22 10:23:21,566 - main - INFO - Included router: routers.class_upgrades.router
2026-01-22 10:23:21,657 - main - INFO - Included router: routers.contributions.router
2026-01-22 10:23:21,800 - main - INFO - Included router: routers.documents.router
2026-01-22 10:23:21,888 - main - INFO - Included router: routers.fund_statistics.router
2026-01-22 10:23:21,905 - main - INFO - Included router: routers.health.router
2026-01-22 10:23:22,400 - main - WARNING - Failed to import module 'routers.payments': cannot import name 'RepaymentInstallments' from 'models.repayment_installments' (/workspace/app/backend/models/repayment_installments.py)
2026-01-22 10:23:22,503 - main - INFO - Included router: routers.payouts.router
2026-01-22 10:23:22,655 - main - INFO - Included router: routers.profiles.router
2026-01-22 10:23:22,740 - main - INFO - Included router: routers.public.router
2026-01-22 10:23:22,820 - main - INFO - Included router: routers.repayment_installments.router
2026-01-22 10:23:22,911 - main - INFO - Included router: routers.repayments.router
2026-01-22 10:23:22,984 - main - INFO - Included router: routers.requests.router
2026-01-22 10:23:23,040 - main - INFO - Included router: routers.settings.router
2026-01-22 10:23:23,172 - main - INFO - Included router: routers.storage.router
2026-01-22 10:23:23,371 - main - INFO - Included router: routers.success_stories.router
2026-01-22 10:23:23,423 - main - INFO - Included router: routers.user.router
2026-01-22 10:23:23,424 - main - INFO - === Application startup initiated ===
2026-01-22 10:23:23,424 - services.database - DEBUG - [DB_OP] Starting database initialization
2026-01-22 10:23:23,424 - services.database - INFO - 🔧 Starting database initialization...
2026-01-22 10:23:23,424 - core.database - INFO - Starting database initialization...
2026-01-22 10:23:23,425 - core.config - DEBUG - Read dynamic attribute database_url from environment variable DATABASE_URL
2026-01-22 10:23:23,425 - core.database - INFO - Normalizing database URL for async compatibility...
2026-01-22 10:23:23,426 - core.database - INFO - Creating async database engine...
2026-01-22 10:23:23,426 - core.database - INFO - Using QueuePool with connection pooling for non-Lambda environment
2026-01-22 10:23:24,134 - core.database - INFO - Database engine created successfully
2026-01-22 10:23:24,134 - core.database - INFO - Creating async session maker...
2026-01-22 10:23:24,134 - core.database - INFO - Async session maker created successfully
2026-01-22 10:23:24,134 - core.database - INFO - Database connection initialized successfully
2026-01-22 10:23:24,134 - services.database - INFO - 🔧 Database connection initialized, now creating tables if tables not exist...
2026-01-22 10:23:24,134 - core.database - DEBUG - [DB_OP] Starting create_tables
2026-01-22 10:23:24,134 - core.database - INFO - 🔧 Starting table creation...
2026-01-22 10:23:26,400 - core.database - INFO - Tables initialized successfully
2026-01-22 10:23:26,400 - core.database - DEBUG - [DB_OP] Create tables completed in 2.2659s
2026-01-22 10:23:26,459 - services.database - INFO - 🔧 Table creation completed
2026-01-22 10:23:26,459 - services.database - INFO - Database initialized successfully
2026-01-22 10:23:26,459 - services.database - DEBUG - [DB_OP] Database initialization completed in 3.0350s
2026-01-22 10:23:26,460 - services.mock_data - INFO - mock_data directory not found, skipping mock initialization
2026-01-22 10:23:26,460 - services.database - DEBUG - [DB_OP] Starting database initialization
2026-01-22 10:23:26,460 - services.database - INFO - 🔧 Starting database initialization...
2026-01-22 10:23:26,460 - core.database - INFO - Starting database initialization...
2026-01-22 10:23:26,460 - core.database - INFO - Database already initialized
2026-01-22 10:23:26,460 - services.database - INFO - 🔧 Database connection initialized, now creating tables if tables not exist...
2026-01-22 10:23:26,460 - core.database - DEBUG - [DB_OP] Starting create_tables
2026-01-22 10:23:26,460 - core.database - INFO - Tables already initialized
2026-01-22 10:23:26,460 - services.database - INFO - 🔧 Table creation completed
2026-01-22 10:23:26,460 - services.database - INFO - Database initialized successfully
2026-01-22 10:23:26,460 - services.database - DEBUG - [DB_OP] Database initialization completed in 0.0007s
2026-01-22 10:23:26,460 - core.config - DEBUG - Read dynamic attribute admin_user_id from environment variable ADMIN_USER_ID
2026-01-22 10:23:26,461 - core.config - DEBUG - Read dynamic attribute admin_user_email from environment variable ADMIN_USER_EMAIL
2026-01-22 10:23:26,898 - services.auth - DEBUG - Admin user 715788 already exists
2026-01-22 10:23:26,958 - main - INFO - === Application startup completed successfully ===
2026-01-22 10:34:29,285 - services.database - DEBUG - [DB_OP] Starting database close
2026-01-22 10:34:29,286 - core.database - INFO - Database connection closed and engine disposed
2026-01-22 10:34:29,286 - services.database - INFO - Database connections closed
2026-01-22 10:34:29,286 - services.database - DEBUG - [DB_OP] Database close completed in 0.0011s
