2026-01-21 18:22:30,160 - main - INFO - === Logging system initialized ===
2026-01-21 18:22:30,161 - main - INFO - Log file: logs/app_20260121_182230.log
2026-01-21 18:22:30,161 - main - INFO - Log level: INFO
2026-01-21 18:22:30,161 - main - INFO - Timestamp: 20260121_182230
2026-01-21 18:22:30,286 - main - INFO - Included router: routers.admin.router
2026-01-21 18:22:30,330 - main - INFO - Included router: routers.admins.router
2026-01-21 18:22:31,260 - main - INFO - Included router: routers.aihub.router
2026-01-21 18:22:31,340 - main - INFO - Included router: routers.auth.router
2026-01-21 18:22:31,393 - main - INFO - Included router: routers.class_upgrades.router
2026-01-21 18:22:31,439 - main - INFO - Included router: routers.contributions.router
2026-01-21 18:22:31,489 - main - INFO - Included router: routers.documents.router
2026-01-21 18:22:31,536 - main - INFO - Included router: routers.fund_statistics.router
2026-01-21 18:22:31,538 - main - INFO - Included router: routers.health.router
2026-01-21 18:22:31,578 - main - WARNING - Failed to import module 'routers.payments': cannot import name 'RepaymentInstallments' from 'models.repayment_installments' (/workspace/app/backend/models/repayment_installments.py)
2026-01-21 18:22:31,639 - main - INFO - Included router: routers.payouts.router
2026-01-21 18:22:31,689 - main - INFO - Included router: routers.profiles.router
2026-01-21 18:22:31,719 - main - INFO - Included router: routers.public.router
2026-01-21 18:22:31,775 - main - INFO - Included router: routers.repayment_installments.router
2026-01-21 18:22:31,822 - main - INFO - Included router: routers.repayments.router
2026-01-21 18:22:31,871 - main - INFO - Included router: routers.requests.router
2026-01-21 18:22:31,890 - main - INFO - Included router: routers.settings.router
2026-01-21 18:22:31,927 - main - INFO - Included router: routers.storage.router
2026-01-21 18:22:32,034 - main - INFO - Included router: routers.success_stories.router
2026-01-21 18:22:32,047 - main - INFO - Included router: routers.user.router
2026-01-21 18:22:32,048 - main - INFO - === Application startup initiated ===
2026-01-21 18:22:32,048 - services.database - DEBUG - [DB_OP] Starting database initialization
2026-01-21 18:22:32,048 - services.database - INFO - 🔧 Starting database initialization...
2026-01-21 18:22:32,048 - core.database - INFO - Starting database initialization...
2026-01-21 18:22:32,048 - core.config - DEBUG - Read dynamic attribute database_url from environment variable DATABASE_URL
2026-01-21 18:22:32,049 - core.database - INFO - Normalizing database URL for async compatibility...
2026-01-21 18:22:32,050 - core.database - INFO - Creating async database engine...
2026-01-21 18:22:32,050 - core.database - INFO - Using QueuePool with connection pooling for non-Lambda environment
2026-01-21 18:22:32,120 - core.database - INFO - Database engine created successfully
2026-01-21 18:22:32,120 - core.database - INFO - Creating async session maker...
2026-01-21 18:22:32,120 - core.database - INFO - Async session maker created successfully
2026-01-21 18:22:32,120 - core.database - INFO - Database connection initialized successfully
2026-01-21 18:22:32,120 - services.database - INFO - 🔧 Database connection initialized, now creating tables if tables not exist...
2026-01-21 18:22:32,120 - core.database - DEBUG - [DB_OP] Starting create_tables
2026-01-21 18:22:32,120 - core.database - INFO - 🔧 Starting table creation...
2026-01-21 18:22:34,015 - core.database - INFO - Tables initialized successfully
2026-01-21 18:22:34,015 - core.database - DEBUG - [DB_OP] Create tables completed in 1.8945s
2026-01-21 18:22:34,074 - services.database - INFO - 🔧 Table creation completed
2026-01-21 18:22:34,074 - services.database - INFO - Database initialized successfully
2026-01-21 18:22:34,075 - services.database - DEBUG - [DB_OP] Database initialization completed in 2.0266s
2026-01-21 18:22:34,075 - services.mock_data - INFO - mock_data directory not found, skipping mock initialization
2026-01-21 18:22:34,075 - services.database - DEBUG - [DB_OP] Starting database initialization
2026-01-21 18:22:34,075 - services.database - INFO - 🔧 Starting database initialization...
2026-01-21 18:22:34,075 - core.database - INFO - Starting database initialization...
2026-01-21 18:22:34,076 - core.database - INFO - Database already initialized
2026-01-21 18:22:34,076 - services.database - INFO - 🔧 Database connection initialized, now creating tables if tables not exist...
2026-01-21 18:22:34,076 - core.database - DEBUG - [DB_OP] Starting create_tables
2026-01-21 18:22:34,076 - core.database - INFO - Tables already initialized
2026-01-21 18:22:34,076 - services.database - INFO - 🔧 Table creation completed
2026-01-21 18:22:34,076 - services.database - INFO - Database initialized successfully
2026-01-21 18:22:34,076 - services.database - DEBUG - [DB_OP] Database initialization completed in 0.0011s
2026-01-21 18:22:34,076 - core.config - DEBUG - Read dynamic attribute admin_user_id from environment variable ADMIN_USER_ID
2026-01-21 18:22:34,077 - core.config - DEBUG - Read dynamic attribute admin_user_email from environment variable ADMIN_USER_EMAIL
2026-01-21 18:22:34,499 - services.auth - DEBUG - Admin user 715788 already exists
2026-01-21 18:22:34,559 - main - INFO - === Application startup completed successfully ===
2026-01-21 18:22:38,594 - core.config - DEBUG - Read dynamic attribute jwt_secret_key from environment variable JWT_SECRET_KEY
2026-01-21 18:22:38,594 - core.config - DEBUG - Read dynamic attribute jwt_algorithm from environment variable JWT_ALGORITHM
2026-01-21 18:22:38,611 - core.auth - DEBUG - Authentication token validated for user hash: 7001fcbb
2026-01-21 18:22:39,076 - core.database - DEBUG - [DB_OP] Starting get_db session creation
2026-01-21 18:22:39,077 - core.database - DEBUG - [DB_OP] Database session created successfully in 0.0005s
2026-01-21 18:22:39,081 - core.auth - DEBUG - Authentication token validated for user hash: 7001fcbb
2026-01-21 18:22:39,081 - core.database - DEBUG - [DB_OP] Starting get_db session creation
2026-01-21 18:22:39,081 - core.database - DEBUG - [DB_OP] Database session created successfully in 0.0001s
2026-01-21 18:22:39,082 - routers.profiles - DEBUG - Querying profiless: query=None, sort=None, skip=0, limit=1, fields=None
2026-01-21 18:22:39,085 - core.database - DEBUG - [DB_OP] Starting get_db session creation
2026-01-21 18:22:39,085 - core.database - DEBUG - [DB_OP] Database session created successfully in 0.0002s
2026-01-21 18:22:39,701 - core.database - DEBUG - [DB_OP] Database session cleanup after 0.6159s
2026-01-21 18:22:39,939 - core.database - DEBUG - [DB_OP] Database session cleanup after 0.8623s
2026-01-21 18:22:39,940 - routers.profiles - DEBUG - Found 0 profiless
2026-01-21 18:22:39,940 - core.database - DEBUG - [DB_OP] Database session cleanup after 0.8590s
2026-01-21 18:33:10,961 - services.database - DEBUG - [DB_OP] Starting database close
2026-01-21 18:33:10,962 - core.database - INFO - Database connection closed and engine disposed
2026-01-21 18:33:10,962 - services.database - INFO - Database connections closed
2026-01-21 18:33:10,962 - services.database - DEBUG - [DB_OP] Database close completed in 0.0013s
