2026-01-21 17:37:48,086 - main - INFO - === Logging system initialized ===
2026-01-21 17:37:48,086 - main - INFO - Log file: logs/app_20260121_173748.log
2026-01-21 17:37:48,086 - main - INFO - Log level: INFO
2026-01-21 17:37:48,086 - main - INFO - Timestamp: 20260121_173748
2026-01-21 17:37:49,119 - main - INFO - Included router: routers.aihub.router
2026-01-21 17:37:49,141 - main - INFO - Included router: routers.auth.router
2026-01-21 17:37:49,209 - main - INFO - Included router: routers.class_upgrades.router
2026-01-21 17:37:49,316 - main - INFO - Included router: routers.contributions.router
2026-01-21 17:37:49,364 - main - INFO - Included router: routers.documents.router
2026-01-21 17:37:49,366 - main - INFO - Included router: routers.health.router
2026-01-21 17:37:49,418 - core.config - DEBUG - Read dynamic attribute stripe_secret_key from environment variable STRIPE_SECRET_KEY
2026-01-21 17:37:49,427 - main - INFO - Included router: routers.payments.router
2026-01-21 17:37:49,502 - main - INFO - Included router: routers.payouts.router
2026-01-21 17:37:49,573 - main - INFO - Included router: routers.profiles.router
2026-01-21 17:37:49,618 - main - INFO - Included router: routers.repayment_installments.router
2026-01-21 17:37:49,661 - main - INFO - Included router: routers.repayments.router
2026-01-21 17:37:49,727 - main - INFO - Included router: routers.requests.router
2026-01-21 17:37:49,753 - main - INFO - Included router: routers.settings.router
2026-01-21 17:37:49,797 - main - INFO - Included router: routers.storage.router
2026-01-21 17:37:49,813 - main - INFO - Included router: routers.user.router
2026-01-21 17:37:49,816 - main - INFO - === Application startup initiated ===
2026-01-21 17:37:49,816 - services.database - DEBUG - [DB_OP] Starting database initialization
2026-01-21 17:37:49,817 - services.database - INFO - 🔧 Starting database initialization...
2026-01-21 17:37:49,817 - core.database - INFO - Starting database initialization...
2026-01-21 17:37:49,817 - core.config - DEBUG - Read dynamic attribute database_url from environment variable DATABASE_URL
2026-01-21 17:37:49,817 - core.database - INFO - Normalizing database URL for async compatibility...
2026-01-21 17:37:49,819 - core.database - INFO - Creating async database engine...
2026-01-21 17:37:49,819 - core.database - INFO - Using QueuePool with connection pooling for non-Lambda environment
2026-01-21 17:37:49,896 - core.database - INFO - Database engine created successfully
2026-01-21 17:37:49,896 - core.database - INFO - Creating async session maker...
2026-01-21 17:37:49,896 - core.database - INFO - Async session maker created successfully
2026-01-21 17:37:49,896 - core.database - INFO - Database connection initialized successfully
2026-01-21 17:37:49,896 - services.database - INFO - 🔧 Database connection initialized, now creating tables if tables not exist...
2026-01-21 17:37:49,897 - core.database - DEBUG - [DB_OP] Starting create_tables
2026-01-21 17:37:49,897 - core.database - INFO - 🔧 Starting table creation...
2026-01-21 17:37:51,609 - core.database - INFO - Tables initialized successfully
2026-01-21 17:37:51,609 - core.database - DEBUG - [DB_OP] Create tables completed in 1.7128s
2026-01-21 17:37:51,668 - services.database - INFO - 🔧 Table creation completed
2026-01-21 17:37:51,669 - services.database - INFO - Database initialized successfully
2026-01-21 17:37:51,669 - services.database - DEBUG - [DB_OP] Database initialization completed in 1.8527s
2026-01-21 17:37:51,669 - services.mock_data - INFO - mock_data directory not found, skipping mock initialization
2026-01-21 17:37:51,669 - services.database - DEBUG - [DB_OP] Starting database initialization
2026-01-21 17:37:51,669 - services.database - INFO - 🔧 Starting database initialization...
2026-01-21 17:37:51,669 - core.database - INFO - Starting database initialization...
2026-01-21 17:37:51,669 - core.database - INFO - Database already initialized
2026-01-21 17:37:51,669 - services.database - INFO - 🔧 Database connection initialized, now creating tables if tables not exist...
2026-01-21 17:37:51,669 - core.database - DEBUG - [DB_OP] Starting create_tables
2026-01-21 17:37:51,670 - core.database - INFO - Tables already initialized
2026-01-21 17:37:51,670 - services.database - INFO - 🔧 Table creation completed
2026-01-21 17:37:51,670 - services.database - INFO - Database initialized successfully
2026-01-21 17:37:51,670 - services.database - DEBUG - [DB_OP] Database initialization completed in 0.0007s
2026-01-21 17:37:51,670 - core.config - DEBUG - Read dynamic attribute admin_user_id from environment variable ADMIN_USER_ID
2026-01-21 17:37:51,670 - core.config - DEBUG - Read dynamic attribute admin_user_email from environment variable ADMIN_USER_EMAIL
2026-01-21 17:37:52,091 - services.auth - DEBUG - Admin user 715788 already exists
2026-01-21 17:37:52,150 - main - INFO - === Application startup completed successfully ===
2026-01-21 17:38:01,876 - core.config - DEBUG - Read dynamic attribute jwt_secret_key from environment variable JWT_SECRET_KEY
2026-01-21 17:38:01,877 - core.config - DEBUG - Read dynamic attribute jwt_algorithm from environment variable JWT_ALGORITHM
2026-01-21 17:38:01,908 - core.auth - DEBUG - Authentication token validated for user hash: 7001fcbb
2026-01-21 17:38:02,352 - core.auth - DEBUG - Authentication token validated for user hash: 7001fcbb
2026-01-21 17:38:02,352 - core.database - DEBUG - [DB_OP] Starting get_db session creation
2026-01-21 17:38:02,352 - core.database - DEBUG - [DB_OP] Database session created successfully in 0.0002s
2026-01-21 17:38:02,353 - routers.profiles - DEBUG - Querying profiless: query=None, sort=None, skip=0, limit=1, fields=None
2026-01-21 17:38:02,832 - routers.profiles - DEBUG - Found 0 profiless
2026-01-21 17:38:02,833 - core.database - DEBUG - [DB_OP] Database session cleanup after 0.4812s
2026-01-21 17:38:03,257 - core.auth - DEBUG - Authentication token validated for user hash: 7001fcbb
2026-01-21 17:38:03,258 - core.database - DEBUG - [DB_OP] Starting get_db session creation
2026-01-21 17:38:03,258 - core.database - DEBUG - [DB_OP] Database session created successfully in 0.0005s
2026-01-21 17:38:03,259 - routers.contributions - DEBUG - Querying contributionss: query=None, sort=-created_at, skip=0, limit=5, fields=None
2026-01-21 17:38:03,835 - routers.contributions - DEBUG - Found 0 contributionss
2026-01-21 17:38:03,836 - core.database - DEBUG - [DB_OP] Database session cleanup after 0.5781s
2026-01-21 17:38:03,968 - core.auth - DEBUG - Authentication token validated for user hash: 7001fcbb
2026-01-21 17:38:03,968 - core.database - DEBUG - [DB_OP] Starting get_db session creation
2026-01-21 17:38:03,969 - core.database - DEBUG - [DB_OP] Database session created successfully in 0.0002s
2026-01-21 17:38:03,969 - routers.requests - DEBUG - Querying requestss: query=None, sort=-created_at, skip=0, limit=3, fields=None
2026-01-21 17:38:04,441 - routers.requests - DEBUG - Found 0 requestss
2026-01-21 17:38:04,442 - core.database - DEBUG - [DB_OP] Database session cleanup after 0.4737s
2026-01-21 17:38:48,575 - core.auth - DEBUG - Authentication token validated for user hash: 7001fcbb
2026-01-21 17:38:48,850 - core.auth - DEBUG - Authentication token validated for user hash: 7001fcbb
2026-01-21 17:38:48,850 - core.database - DEBUG - [DB_OP] Starting get_db session creation
2026-01-21 17:38:48,851 - core.database - DEBUG - [DB_OP] Database session created successfully in 0.0005s
2026-01-21 17:38:48,851 - routers.profiles - DEBUG - Querying profiless: query=None, sort=None, skip=0, limit=1, fields=None
2026-01-21 17:38:49,206 - routers.profiles - DEBUG - Found 0 profiless
2026-01-21 17:38:49,207 - core.database - DEBUG - [DB_OP] Database session cleanup after 0.3571s
2026-01-21 17:38:49,336 - core.auth - DEBUG - Authentication token validated for user hash: 7001fcbb
2026-01-21 17:38:49,337 - core.database - DEBUG - [DB_OP] Starting get_db session creation
2026-01-21 17:38:49,337 - core.database - DEBUG - [DB_OP] Database session created successfully in 0.0006s
2026-01-21 17:38:49,338 - routers.contributions - DEBUG - Querying contributionss: query=None, sort=-created_at, skip=0, limit=5, fields=None
2026-01-21 17:38:49,697 - routers.contributions - DEBUG - Found 0 contributionss
2026-01-21 17:38:49,698 - core.database - DEBUG - [DB_OP] Database session cleanup after 0.3611s
2026-01-21 17:38:49,821 - core.auth - DEBUG - Authentication token validated for user hash: 7001fcbb
2026-01-21 17:38:49,821 - core.database - DEBUG - [DB_OP] Starting get_db session creation
2026-01-21 17:38:49,821 - core.database - DEBUG - [DB_OP] Database session created successfully in 0.0002s
2026-01-21 17:38:49,822 - routers.requests - DEBUG - Querying requestss: query=None, sort=-created_at, skip=0, limit=3, fields=None
2026-01-21 17:38:50,177 - routers.requests - DEBUG - Found 0 requestss
2026-01-21 17:38:50,178 - core.database - DEBUG - [DB_OP] Database session cleanup after 0.3567s
2026-01-21 17:39:50,903 - core.auth - DEBUG - Authentication token validated for user hash: 7001fcbb
2026-01-21 17:39:51,319 - core.auth - DEBUG - Authentication token validated for user hash: 7001fcbb
2026-01-21 17:39:51,319 - core.database - DEBUG - [DB_OP] Starting get_db session creation
2026-01-21 17:39:51,320 - core.database - DEBUG - [DB_OP] Database session created successfully in 0.0003s
2026-01-21 17:39:51,320 - routers.profiles - DEBUG - Querying profiless: query=None, sort=None, skip=0, limit=1, fields=None
2026-01-21 17:39:51,675 - routers.profiles - DEBUG - Found 0 profiless
2026-01-21 17:39:51,675 - core.database - DEBUG - [DB_OP] Database session cleanup after 0.3559s
2026-01-21 17:39:51,801 - core.auth - DEBUG - Authentication token validated for user hash: 7001fcbb
2026-01-21 17:39:51,801 - core.database - DEBUG - [DB_OP] Starting get_db session creation
2026-01-21 17:39:51,802 - core.database - DEBUG - [DB_OP] Database session created successfully in 0.0005s
2026-01-21 17:39:51,802 - routers.contributions - DEBUG - Querying contributionss: query=None, sort=-created_at, skip=0, limit=5, fields=None
2026-01-21 17:39:52,158 - routers.contributions - DEBUG - Found 0 contributionss
2026-01-21 17:39:52,160 - core.database - DEBUG - [DB_OP] Database session cleanup after 0.3581s
2026-01-21 17:39:52,276 - core.auth - DEBUG - Authentication token validated for user hash: 7001fcbb
2026-01-21 17:39:52,276 - core.database - DEBUG - [DB_OP] Starting get_db session creation
2026-01-21 17:39:52,277 - core.database - DEBUG - [DB_OP] Database session created successfully in 0.0004s
2026-01-21 17:39:52,277 - routers.requests - DEBUG - Querying requestss: query=None, sort=-created_at, skip=0, limit=3, fields=None
2026-01-21 17:39:52,630 - routers.requests - DEBUG - Found 0 requestss
2026-01-21 17:39:52,632 - core.database - DEBUG - [DB_OP] Database session cleanup after 0.3553s
2026-01-21 17:45:42,292 - dependencies.auth - DEBUG - Authentication required for request GET /api/v1/auth/me
2026-01-21 17:45:42,354 - dependencies.auth - DEBUG - Authentication required for request GET /api/v1/auth/me
2026-01-21 17:47:00,045 - services.database - DEBUG - [DB_OP] Starting database close
2026-01-21 17:47:00,046 - core.database - INFO - Database connection closed and engine disposed
2026-01-21 17:47:00,046 - services.database - INFO - Database connections closed
2026-01-21 17:47:00,046 - services.database - DEBUG - [DB_OP] Database close completed in 0.0011s
