2026-01-21 18:06:22,874 - main - INFO - === Logging system initialized ===
2026-01-21 18:06:22,874 - main - INFO - Log file: logs/app_20260121_180622.log
2026-01-21 18:06:22,874 - main - INFO - Log level: INFO
2026-01-21 18:06:22,874 - main - INFO - Timestamp: 20260121_180622
2026-01-21 18:06:22,994 - main - WARNING - Failed to import module 'routers.admin': cannot import name 'FundStatistics' from 'models.fund_statistics' (/workspace/app/backend/models/fund_statistics.py)
2026-01-21 18:06:23,222 - main - INFO - Included router: routers.admins.router
2026-01-21 18:06:24,226 - main - INFO - Included router: routers.aihub.router
2026-01-21 18:06:24,253 - main - INFO - Included router: routers.auth.router
2026-01-21 18:06:24,526 - main - INFO - Included router: routers.class_upgrades.router
2026-01-21 18:06:24,595 - main - INFO - Included router: routers.contributions.router
2026-01-21 18:06:24,655 - main - INFO - Included router: routers.documents.router
2026-01-21 18:06:24,809 - main - INFO - Included router: routers.fund_statistics.router
2026-01-21 18:06:24,812 - main - INFO - Included router: routers.health.router
2026-01-21 18:06:24,869 - main - WARNING - Failed to import module 'routers.payments': cannot import name 'RepaymentInstallments' from 'models.repayment_installments' (/workspace/app/backend/models/repayment_installments.py)
2026-01-21 18:06:24,938 - main - INFO - Included router: routers.payouts.router
2026-01-21 18:06:24,991 - main - INFO - Included router: routers.profiles.router
2026-01-21 18:06:25,042 - main - INFO - Included router: routers.repayment_installments.router
2026-01-21 18:06:25,110 - main - INFO - Included router: routers.repayments.router
2026-01-21 18:06:25,167 - main - INFO - Included router: routers.requests.router
2026-01-21 18:06:25,196 - main - INFO - Included router: routers.settings.router
2026-01-21 18:06:25,241 - main - INFO - Included router: routers.storage.router
2026-01-21 18:06:25,537 - main - INFO - Included router: routers.success_stories.router
2026-01-21 18:06:25,550 - main - INFO - Included router: routers.user.router
2026-01-21 18:06:25,551 - main - INFO - === Application startup initiated ===
2026-01-21 18:06:25,551 - services.database - DEBUG - [DB_OP] Starting database initialization
2026-01-21 18:06:25,551 - services.database - INFO - 🔧 Starting database initialization...
2026-01-21 18:06:25,551 - core.database - INFO - Starting database initialization...
2026-01-21 18:06:25,551 - core.config - DEBUG - Read dynamic attribute database_url from environment variable DATABASE_URL
2026-01-21 18:06:25,551 - core.database - INFO - Normalizing database URL for async compatibility...
2026-01-21 18:06:25,552 - core.database - INFO - Creating async database engine...
2026-01-21 18:06:25,553 - core.database - INFO - Using QueuePool with connection pooling for non-Lambda environment
2026-01-21 18:06:25,741 - core.database - INFO - Database engine created successfully
2026-01-21 18:06:25,741 - core.database - INFO - Creating async session maker...
2026-01-21 18:06:25,742 - core.database - INFO - Async session maker created successfully
2026-01-21 18:06:25,742 - core.database - INFO - Database connection initialized successfully
2026-01-21 18:06:25,742 - services.database - INFO - 🔧 Database connection initialized, now creating tables if tables not exist...
2026-01-21 18:06:25,742 - core.database - DEBUG - [DB_OP] Starting create_tables
2026-01-21 18:06:25,742 - core.database - INFO - 🔧 Starting table creation...
2026-01-21 18:06:27,601 - core.database - INFO - Tables initialized successfully
2026-01-21 18:06:27,601 - core.database - DEBUG - [DB_OP] Create tables completed in 1.8594s
2026-01-21 18:06:27,660 - services.database - INFO - 🔧 Table creation completed
2026-01-21 18:06:27,660 - services.database - INFO - Database initialized successfully
2026-01-21 18:06:27,661 - services.database - DEBUG - [DB_OP] Database initialization completed in 2.1098s
2026-01-21 18:06:27,661 - services.mock_data - INFO - mock_data directory not found, skipping mock initialization
2026-01-21 18:06:27,661 - services.database - DEBUG - [DB_OP] Starting database initialization
2026-01-21 18:06:27,661 - services.database - INFO - 🔧 Starting database initialization...
2026-01-21 18:06:27,661 - core.database - INFO - Starting database initialization...
2026-01-21 18:06:27,662 - core.database - INFO - Database already initialized
2026-01-21 18:06:27,662 - services.database - INFO - 🔧 Database connection initialized, now creating tables if tables not exist...
2026-01-21 18:06:27,662 - core.database - DEBUG - [DB_OP] Starting create_tables
2026-01-21 18:06:27,662 - core.database - INFO - Tables already initialized
2026-01-21 18:06:27,662 - services.database - INFO - 🔧 Table creation completed
2026-01-21 18:06:27,662 - services.database - INFO - Database initialized successfully
2026-01-21 18:06:27,662 - services.database - DEBUG - [DB_OP] Database initialization completed in 0.0011s
2026-01-21 18:06:27,662 - core.config - DEBUG - Read dynamic attribute admin_user_id from environment variable ADMIN_USER_ID
2026-01-21 18:06:27,663 - core.config - DEBUG - Read dynamic attribute admin_user_email from environment variable ADMIN_USER_EMAIL
2026-01-21 18:06:28,082 - services.auth - DEBUG - Admin user 715788 already exists
2026-01-21 18:06:28,141 - main - INFO - === Application startup completed successfully ===
