2026-01-21 18:09:17,221 - main - INFO - === Logging system initialized ===
2026-01-21 18:09:17,222 - main - INFO - Log file: logs/app_20260121_180917.log
2026-01-21 18:09:17,222 - main - INFO - Log level: INFO
2026-01-21 18:09:17,222 - main - INFO - Timestamp: 20260121_180917
2026-01-21 18:09:17,276 - main - WARNING - Failed to import module 'routers.admin': cannot import name 'FundStatistics' from 'models.fund_statistics' (/workspace/app/backend/models/fund_statistics.py)
2026-01-21 18:09:17,393 - main - INFO - Included router: routers.admins.router
2026-01-21 18:09:18,335 - main - INFO - Included router: routers.aihub.router
2026-01-21 18:09:18,356 - main - INFO - Included router: routers.auth.router
2026-01-21 18:09:18,484 - main - INFO - Included router: routers.class_upgrades.router
2026-01-21 18:09:18,532 - main - INFO - Included router: routers.contributions.router
2026-01-21 18:09:18,579 - main - INFO - Included router: routers.documents.router
2026-01-21 18:09:18,629 - main - INFO - Included router: routers.fund_statistics.router
2026-01-21 18:09:18,632 - main - INFO - Included router: routers.health.router
2026-01-21 18:09:18,673 - main - WARNING - Failed to import module 'routers.payments': cannot import name 'RepaymentInstallments' from 'models.repayment_installments' (/workspace/app/backend/models/repayment_installments.py)
2026-01-21 18:09:18,738 - main - INFO - Included router: routers.payouts.router
2026-01-21 18:09:18,792 - main - INFO - Included router: routers.profiles.router
2026-01-21 18:09:18,800 - main - WARNING - Failed to import module 'routers.public': cannot import name 'SuccessStories' from 'models.success_stories' (/workspace/app/backend/models/success_stories.py)
2026-01-21 18:09:18,849 - main - INFO - Included router: routers.repayment_installments.router
2026-01-21 18:09:18,897 - main - INFO - Included router: routers.repayments.router
2026-01-21 18:09:18,948 - main - INFO - Included router: routers.requests.router
2026-01-21 18:09:18,971 - main - INFO - Included router: routers.settings.router
2026-01-21 18:09:19,008 - main - INFO - Included router: routers.storage.router
2026-01-21 18:09:19,043 - main - INFO - Included router: routers.success_stories.router
2026-01-21 18:09:19,052 - main - INFO - Included router: routers.user.router
2026-01-21 18:09:19,054 - main - INFO - === Application startup initiated ===
2026-01-21 18:09:19,054 - services.database - DEBUG - [DB_OP] Starting database initialization
2026-01-21 18:09:19,054 - services.database - INFO - 🔧 Starting database initialization...
2026-01-21 18:09:19,054 - core.database - INFO - Starting database initialization...
2026-01-21 18:09:19,054 - core.config - DEBUG - Read dynamic attribute database_url from environment variable DATABASE_URL
2026-01-21 18:09:19,054 - core.database - INFO - Normalizing database URL for async compatibility...
2026-01-21 18:09:19,056 - core.database - INFO - Creating async database engine...
2026-01-21 18:09:19,056 - core.database - INFO - Using QueuePool with connection pooling for non-Lambda environment
2026-01-21 18:09:19,324 - core.database - INFO - Database engine created successfully
2026-01-21 18:09:19,324 - core.database - INFO - Creating async session maker...
2026-01-21 18:09:19,324 - core.database - INFO - Async session maker created successfully
2026-01-21 18:09:19,325 - core.database - INFO - Database connection initialized successfully
2026-01-21 18:09:19,325 - services.database - INFO - 🔧 Database connection initialized, now creating tables if tables not exist...
2026-01-21 18:09:19,325 - core.database - DEBUG - [DB_OP] Starting create_tables
2026-01-21 18:09:19,325 - core.database - INFO - 🔧 Starting table creation...
2026-01-21 18:09:21,291 - core.database - INFO - Tables initialized successfully
2026-01-21 18:09:21,291 - core.database - DEBUG - [DB_OP] Create tables completed in 1.9663s
2026-01-21 18:09:21,351 - services.database - INFO - 🔧 Table creation completed
2026-01-21 18:09:21,352 - services.database - INFO - Database initialized successfully
2026-01-21 18:09:21,352 - services.database - DEBUG - [DB_OP] Database initialization completed in 2.2980s
2026-01-21 18:09:21,354 - services.mock_data - INFO - mock_data directory not found, skipping mock initialization
2026-01-21 18:09:21,355 - services.database - DEBUG - [DB_OP] Starting database initialization
2026-01-21 18:09:21,355 - services.database - INFO - 🔧 Starting database initialization...
2026-01-21 18:09:21,355 - core.database - INFO - Starting database initialization...
2026-01-21 18:09:21,355 - core.database - INFO - Database already initialized
2026-01-21 18:09:21,355 - services.database - INFO - 🔧 Database connection initialized, now creating tables if tables not exist...
2026-01-21 18:09:21,355 - core.database - DEBUG - [DB_OP] Starting create_tables
2026-01-21 18:09:21,355 - core.database - INFO - Tables already initialized
2026-01-21 18:09:21,356 - services.database - INFO - 🔧 Table creation completed
2026-01-21 18:09:21,356 - services.database - INFO - Database initialized successfully
2026-01-21 18:09:21,356 - services.database - DEBUG - [DB_OP] Database initialization completed in 0.0014s
2026-01-21 18:09:21,356 - core.config - DEBUG - Read dynamic attribute admin_user_id from environment variable ADMIN_USER_ID
2026-01-21 18:09:21,356 - core.config - DEBUG - Read dynamic attribute admin_user_email from environment variable ADMIN_USER_EMAIL
2026-01-21 18:09:21,787 - services.auth - DEBUG - Admin user 715788 already exists
2026-01-21 18:09:21,847 - main - INFO - === Application startup completed successfully ===
2026-01-21 18:09:25,479 - core.config - DEBUG - Read dynamic attribute jwt_secret_key from environment variable JWT_SECRET_KEY
2026-01-21 18:09:25,479 - core.config - DEBUG - Read dynamic attribute jwt_algorithm from environment variable JWT_ALGORITHM
2026-01-21 18:09:25,488 - core.auth - DEBUG - Authentication token validated for user hash: 7001fcbb
2026-01-21 18:09:25,791 - core.auth - DEBUG - Authentication token validated for user hash: 7001fcbb
2026-01-21 18:09:25,791 - core.database - DEBUG - [DB_OP] Starting get_db session creation
2026-01-21 18:09:25,791 - core.database - DEBUG - [DB_OP] Database session created successfully in 0.0003s
2026-01-21 18:09:25,792 - routers.profiles - DEBUG - Querying profiless: query=None, sort=None, skip=0, limit=1, fields=None
2026-01-21 18:09:26,309 - routers.profiles - DEBUG - Found 0 profiless
2026-01-21 18:09:26,309 - core.database - DEBUG - [DB_OP] Database session cleanup after 0.5180s
2026-01-21 18:10:07,618 - services.database - DEBUG - [DB_OP] Starting database close
2026-01-21 18:10:07,688 - core.database - INFO - Database connection closed and engine disposed
2026-01-21 18:10:07,689 - services.database - INFO - Database connections closed
2026-01-21 18:10:07,689 - services.database - DEBUG - [DB_OP] Database close completed in 0.0712s
