2026-01-21 17:57:57,712 - main - INFO - === Logging system initialized ===
2026-01-21 17:57:57,712 - main - INFO - Log file: logs/app_20260121_175757.log
2026-01-21 17:57:57,712 - main - INFO - Log level: INFO
2026-01-21 17:57:57,712 - main - INFO - Timestamp: 20260121_175757
2026-01-21 17:57:58,658 - main - INFO - Included router: routers.aihub.router
2026-01-21 17:57:58,680 - main - INFO - Included router: routers.auth.router
2026-01-21 17:57:58,730 - main - INFO - Included router: routers.class_upgrades.router
2026-01-21 17:57:58,877 - main - INFO - Included router: routers.contributions.router
2026-01-21 17:57:58,943 - main - INFO - Included router: routers.documents.router
2026-01-21 17:57:58,946 - main - INFO - Included router: routers.health.router
2026-01-21 17:57:58,993 - main - WARNING - Failed to import module 'routers.payments': cannot import name 'RepaymentInstallments' from 'models.repayment_installments' (/workspace/app/backend/models/repayment_installments.py)
2026-01-21 17:57:59,049 - main - INFO - Included router: routers.payouts.router
2026-01-21 17:57:59,108 - main - INFO - Included router: routers.profiles.router
2026-01-21 17:57:59,162 - main - INFO - Included router: routers.repayment_installments.router
2026-01-21 17:57:59,221 - main - INFO - Included router: routers.repayments.router
2026-01-21 17:57:59,281 - main - INFO - Included router: routers.requests.router
2026-01-21 17:57:59,303 - main - INFO - Included router: routers.settings.router
2026-01-21 17:57:59,353 - main - INFO - Included router: routers.storage.router
2026-01-21 17:57:59,366 - main - INFO - Included router: routers.user.router
2026-01-21 17:57:59,368 - main - INFO - === Application startup initiated ===
2026-01-21 17:57:59,368 - services.database - DEBUG - [DB_OP] Starting database initialization
2026-01-21 17:57:59,368 - services.database - INFO - 🔧 Starting database initialization...
2026-01-21 17:57:59,368 - core.database - INFO - Starting database initialization...
2026-01-21 17:57:59,369 - core.config - DEBUG - Read dynamic attribute database_url from environment variable DATABASE_URL
2026-01-21 17:57:59,369 - core.database - INFO - Normalizing database URL for async compatibility...
2026-01-21 17:57:59,370 - core.database - INFO - Creating async database engine...
2026-01-21 17:57:59,370 - core.database - INFO - Using QueuePool with connection pooling for non-Lambda environment
2026-01-21 17:57:59,437 - core.database - INFO - Database engine created successfully
2026-01-21 17:57:59,437 - core.database - INFO - Creating async session maker...
2026-01-21 17:57:59,437 - core.database - INFO - Async session maker created successfully
2026-01-21 17:57:59,437 - core.database - INFO - Database connection initialized successfully
2026-01-21 17:57:59,437 - services.database - INFO - 🔧 Database connection initialized, now creating tables if tables not exist...
2026-01-21 17:57:59,438 - core.database - DEBUG - [DB_OP] Starting create_tables
2026-01-21 17:57:59,438 - core.database - INFO - 🔧 Starting table creation...
2026-01-21 17:58:01,148 - core.database - INFO - Tables initialized successfully
2026-01-21 17:58:01,150 - core.database - DEBUG - [DB_OP] Create tables completed in 1.7125s
2026-01-21 17:58:01,210 - services.database - INFO - 🔧 Table creation completed
2026-01-21 17:58:01,210 - services.database - INFO - Database initialized successfully
2026-01-21 17:58:01,211 - services.database - DEBUG - [DB_OP] Database initialization completed in 1.8425s
2026-01-21 17:58:01,212 - services.mock_data - INFO - mock_data directory not found, skipping mock initialization
2026-01-21 17:58:01,212 - services.database - DEBUG - [DB_OP] Starting database initialization
2026-01-21 17:58:01,213 - services.database - INFO - 🔧 Starting database initialization...
2026-01-21 17:58:01,213 - core.database - INFO - Starting database initialization...
2026-01-21 17:58:01,213 - core.database - INFO - Database already initialized
2026-01-21 17:58:01,213 - services.database - INFO - 🔧 Database connection initialized, now creating tables if tables not exist...
2026-01-21 17:58:01,213 - core.database - DEBUG - [DB_OP] Starting create_tables
2026-01-21 17:58:01,213 - core.database - INFO - Tables already initialized
2026-01-21 17:58:01,213 - services.database - INFO - 🔧 Table creation completed
2026-01-21 17:58:01,213 - services.database - INFO - Database initialized successfully
2026-01-21 17:58:01,214 - services.database - DEBUG - [DB_OP] Database initialization completed in 0.0012s
2026-01-21 17:58:01,214 - core.config - DEBUG - Read dynamic attribute admin_user_id from environment variable ADMIN_USER_ID
2026-01-21 17:58:01,214 - core.config - DEBUG - Read dynamic attribute admin_user_email from environment variable ADMIN_USER_EMAIL
2026-01-21 17:58:01,643 - services.auth - DEBUG - Admin user 715788 already exists
2026-01-21 17:58:01,703 - main - INFO - === Application startup completed successfully ===
2026-01-21 17:59:38,567 - dependencies.auth - DEBUG - Authentication required for request GET /api/v1/auth/me
2026-01-21 17:59:38,615 - dependencies.auth - DEBUG - Authentication required for request GET /api/v1/auth/me
2026-01-21 17:59:39,295 - core.config - DEBUG - Read dynamic attribute jwt_secret_key from environment variable JWT_SECRET_KEY
2026-01-21 17:59:39,295 - core.config - DEBUG - Read dynamic attribute jwt_algorithm from environment variable JWT_ALGORITHM
2026-01-21 17:59:39,336 - core.auth - DEBUG - Authentication token validated for user hash: 7001fcbb
2026-01-21 17:59:39,681 - core.auth - DEBUG - Authentication token validated for user hash: 7001fcbb
2026-01-21 17:59:39,682 - core.database - DEBUG - [DB_OP] Starting get_db session creation
2026-01-21 17:59:39,682 - core.database - DEBUG - [DB_OP] Database session created successfully in 0.0002s
2026-01-21 17:59:39,682 - routers.profiles - DEBUG - Querying profiless: query=None, sort=None, skip=0, limit=1, fields=None
2026-01-21 17:59:40,164 - routers.profiles - DEBUG - Found 0 profiless
2026-01-21 17:59:40,164 - core.database - DEBUG - [DB_OP] Database session cleanup after 0.4828s
2026-01-21 17:59:40,376 - core.auth - DEBUG - Authentication token validated for user hash: 7001fcbb
2026-01-21 17:59:40,377 - core.database - DEBUG - [DB_OP] Starting get_db session creation
2026-01-21 17:59:40,377 - core.database - DEBUG - [DB_OP] Database session created successfully in 0.0002s
2026-01-21 17:59:40,377 - routers.contributions - DEBUG - Querying contributionss: query=None, sort=-payment_date, skip=0, limit=10, fields=None
2026-01-21 17:59:40,852 - routers.contributions - DEBUG - Found 0 contributionss
2026-01-21 17:59:40,853 - core.database - DEBUG - [DB_OP] Database session cleanup after 0.4764s
2026-01-21 17:59:41,010 - core.auth - DEBUG - Authentication token validated for user hash: 7001fcbb
2026-01-21 17:59:41,010 - core.database - DEBUG - [DB_OP] Starting get_db session creation
2026-01-21 17:59:41,010 - core.database - DEBUG - [DB_OP] Database session created successfully in 0.0002s
2026-01-21 17:59:41,011 - routers.requests - DEBUG - Querying requestss: query=None, sort=-created_at, skip=0, limit=5, fields=None
2026-01-21 17:59:41,486 - routers.requests - DEBUG - Found 0 requestss
2026-01-21 17:59:41,487 - core.database - DEBUG - [DB_OP] Database session cleanup after 0.4766s
2026-01-21 18:00:47,600 - services.database - DEBUG - [DB_OP] Starting database close
2026-01-21 18:00:47,663 - core.database - INFO - Database connection closed and engine disposed
2026-01-21 18:00:47,663 - services.database - INFO - Database connections closed
2026-01-21 18:00:47,663 - services.database - DEBUG - [DB_OP] Database close completed in 0.0626s
