2026-01-21 18:06:30,188 - main - INFO - === Logging system initialized ===
2026-01-21 18:06:30,188 - main - INFO - Log file: logs/app_20260121_180630.log
2026-01-21 18:06:30,188 - main - INFO - Log level: INFO
2026-01-21 18:06:30,188 - main - INFO - Timestamp: 20260121_180630
2026-01-21 18:06:30,249 - main - WARNING - Failed to import module 'routers.admin': cannot import name 'FundStatistics' from 'models.fund_statistics' (/workspace/app/backend/models/fund_statistics.py)
2026-01-21 18:06:30,376 - main - INFO - Included router: routers.admins.router
2026-01-21 18:06:31,436 - main - INFO - Included router: routers.aihub.router
2026-01-21 18:06:31,465 - main - INFO - Included router: routers.auth.router
2026-01-21 18:06:31,595 - main - INFO - Included router: routers.class_upgrades.router
2026-01-21 18:06:31,661 - main - INFO - Included router: routers.contributions.router
2026-01-21 18:06:31,716 - main - INFO - Included router: routers.documents.router
2026-01-21 18:06:31,761 - main - INFO - Included router: routers.fund_statistics.router
2026-01-21 18:06:31,764 - main - INFO - Included router: routers.health.router
2026-01-21 18:06:31,798 - main - WARNING - Failed to import module 'routers.payments': cannot import name 'RepaymentInstallments' from 'models.repayment_installments' (/workspace/app/backend/models/repayment_installments.py)
2026-01-21 18:06:31,855 - main - INFO - Included router: routers.payouts.router
2026-01-21 18:06:31,915 - main - INFO - Included router: routers.profiles.router
2026-01-21 18:06:31,957 - main - WARNING - Failed to import module 'routers.public': cannot import name 'SuccessStories' from 'models.success_stories' (/workspace/app/backend/models/success_stories.py)
2026-01-21 18:06:32,012 - main - INFO - Included router: routers.repayment_installments.router
2026-01-21 18:06:32,105 - main - INFO - Included router: routers.repayments.router
2026-01-21 18:06:32,164 - main - INFO - Included router: routers.requests.router
2026-01-21 18:06:32,187 - main - INFO - Included router: routers.settings.router
2026-01-21 18:06:32,227 - main - INFO - Included router: routers.storage.router
2026-01-21 18:06:32,267 - main - INFO - Included router: routers.success_stories.router
2026-01-21 18:06:32,278 - main - INFO - Included router: routers.user.router
2026-01-21 18:06:32,280 - main - INFO - === Application startup initiated ===
2026-01-21 18:06:32,281 - services.database - DEBUG - [DB_OP] Starting database initialization
2026-01-21 18:06:32,281 - services.database - INFO - 🔧 Starting database initialization...
2026-01-21 18:06:32,281 - core.database - INFO - Starting database initialization...
2026-01-21 18:06:32,281 - core.config - DEBUG - Read dynamic attribute database_url from environment variable DATABASE_URL
2026-01-21 18:06:32,281 - core.database - INFO - Normalizing database URL for async compatibility...
2026-01-21 18:06:32,282 - core.database - INFO - Creating async database engine...
2026-01-21 18:06:32,283 - core.database - INFO - Using QueuePool with connection pooling for non-Lambda environment
2026-01-21 18:06:32,615 - core.database - INFO - Database engine created successfully
2026-01-21 18:06:32,615 - core.database - INFO - Creating async session maker...
2026-01-21 18:06:32,616 - core.database - INFO - Async session maker created successfully
2026-01-21 18:06:32,616 - core.database - INFO - Database connection initialized successfully
2026-01-21 18:06:32,617 - services.database - INFO - 🔧 Database connection initialized, now creating tables if tables not exist...
2026-01-21 18:06:32,617 - core.database - DEBUG - [DB_OP] Starting create_tables
2026-01-21 18:06:32,617 - core.database - INFO - 🔧 Starting table creation...
2026-01-21 18:06:34,514 - core.database - INFO - Tables initialized successfully
2026-01-21 18:06:34,514 - core.database - DEBUG - [DB_OP] Create tables completed in 1.8975s
2026-01-21 18:06:34,573 - services.database - INFO - 🔧 Table creation completed
2026-01-21 18:06:34,573 - services.database - INFO - Database initialized successfully
2026-01-21 18:06:34,573 - services.database - DEBUG - [DB_OP] Database initialization completed in 2.2927s
2026-01-21 18:06:34,574 - services.mock_data - INFO - mock_data directory not found, skipping mock initialization
2026-01-21 18:06:34,574 - services.database - DEBUG - [DB_OP] Starting database initialization
2026-01-21 18:06:34,574 - services.database - INFO - 🔧 Starting database initialization...
2026-01-21 18:06:34,575 - core.database - INFO - Starting database initialization...
2026-01-21 18:06:34,575 - core.database - INFO - Database already initialized
2026-01-21 18:06:34,575 - services.database - INFO - 🔧 Database connection initialized, now creating tables if tables not exist...
2026-01-21 18:06:34,575 - core.database - DEBUG - [DB_OP] Starting create_tables
2026-01-21 18:06:34,575 - core.database - INFO - Tables already initialized
2026-01-21 18:06:34,575 - services.database - INFO - 🔧 Table creation completed
2026-01-21 18:06:34,575 - services.database - INFO - Database initialized successfully
2026-01-21 18:06:34,576 - services.database - DEBUG - [DB_OP] Database initialization completed in 0.0013s
2026-01-21 18:06:34,576 - core.config - DEBUG - Read dynamic attribute admin_user_id from environment variable ADMIN_USER_ID
2026-01-21 18:06:34,576 - core.config - DEBUG - Read dynamic attribute admin_user_email from environment variable ADMIN_USER_EMAIL
2026-01-21 18:06:34,997 - services.auth - DEBUG - Admin user 715788 already exists
2026-01-21 18:06:35,056 - main - INFO - === Application startup completed successfully ===
2026-01-21 18:08:56,038 - dependencies.auth - DEBUG - Authentication required for request GET /api/v1/auth/me
2026-01-21 18:08:56,096 - dependencies.auth - DEBUG - Authentication required for request GET /api/v1/auth/me
2026-01-21 18:08:58,554 - core.config - DEBUG - Read dynamic attribute jwt_secret_key from environment variable JWT_SECRET_KEY
2026-01-21 18:08:58,555 - core.config - DEBUG - Read dynamic attribute jwt_algorithm from environment variable JWT_ALGORITHM
2026-01-21 18:08:58,584 - core.auth - DEBUG - Authentication token validated for user hash: 7001fcbb
2026-01-21 18:08:58,828 - core.auth - DEBUG - Authentication token validated for user hash: 7001fcbb
2026-01-21 18:08:58,828 - core.database - DEBUG - [DB_OP] Starting get_db session creation
2026-01-21 18:08:58,829 - core.database - DEBUG - [DB_OP] Database session created successfully in 0.0003s
2026-01-21 18:08:58,829 - routers.profiles - DEBUG - Querying profiless: query=None, sort=None, skip=0, limit=1, fields=None
2026-01-21 18:08:59,301 - routers.profiles - DEBUG - Found 0 profiless
2026-01-21 18:08:59,301 - core.database - DEBUG - [DB_OP] Database session cleanup after 0.4728s
2026-01-21 18:09:06,878 - services.database - DEBUG - [DB_OP] Starting database close
2026-01-21 18:09:06,940 - core.database - INFO - Database connection closed and engine disposed
2026-01-21 18:09:06,941 - services.database - INFO - Database connections closed
2026-01-21 18:09:06,941 - services.database - DEBUG - [DB_OP] Database close completed in 0.0626s
